c:\users\tarkan\desktop\game development\pinball game\pinball game\debug\vc140.pdb
c:\users\tarkan\desktop\game development\pinball game\pinball game\debug\vc140.idb
c:\users\tarkan\desktop\game development\pinball game\pinball game\debug\main.obj
c:\users\tarkan\desktop\game development\pinball game\pinball game\debug\shape.obj
c:\users\tarkan\desktop\game development\pinball game\pinball game\debug\movable.obj
c:\users\tarkan\desktop\game development\pinball game\pinball game\debug\vec2.obj
c:\users\tarkan\desktop\game development\pinball game\pinball game\debug\collidable.obj
c:\users\tarkan\desktop\game development\pinball game\pinball game\debug\obb.obj
c:\users\tarkan\desktop\game development\pinball game\pinball game\debug\circle.obj
c:\users\tarkan\desktop\game development\pinball game\pinball game\debug\rectangle.obj
c:\users\tarkan\desktop\game development\pinball game\pinball game\debug\aabb.obj
c:\users\tarkan\desktop\game development\pinball game\pinball game\debug\ball.obj
c:\users\tarkan\desktop\game development\pinball game\pinball game\debug\barriers.obj
c:\users\tarkan\desktop\game development\pinball game\pinball game\debug\bumper.obj
c:\users\tarkan\desktop\game development\pinball game\pinball game\debug\paddle.obj
c:\users\tarkan\desktop\game development\pinball game\pinball game\debug\walls.obj
c:\users\tarkan\desktop\game development\pinball game\pinball game\debug\background.obj
c:\users\tarkan\desktop\game development\pinball game\pinball game\debug\game.obj
c:\users\tarkan\desktop\game development\pinball game\pinball game\debug\collisionmanager.obj
c:\users\tarkan\desktop\game development\pinball game\pinball game\debug\gamescreen.obj
c:\users\tarkan\desktop\game development\pinball game\pinball game\debug\screenmanager.obj
c:\users\tarkan\desktop\game development\pinball game\pinball game\debug\texturemanager.obj
c:\users\tarkan\desktop\game development\pinball game\debug\pinball game.ilk
c:\users\tarkan\desktop\game development\pinball game\debug\pinball game.exe
c:\users\tarkan\desktop\game development\pinball game\debug\pinball game.pdb
c:\users\tarkan\desktop\game development\pinball game\pinball game\debug\paddle.obj.enc
c:\users\tarkan\desktop\game development\pinball game\pinball game\debug\pinball game.tlog\cl.command.1.tlog
c:\users\tarkan\desktop\game development\pinball game\pinball game\debug\pinball game.tlog\cl.read.1.tlog
c:\users\tarkan\desktop\game development\pinball game\pinball game\debug\pinball game.tlog\cl.write.1.tlog
c:\users\tarkan\desktop\game development\pinball game\pinball game\debug\pinball game.tlog\link.command.1.tlog
c:\users\tarkan\desktop\game development\pinball game\pinball game\debug\pinball game.tlog\link.read.1.tlog
c:\users\tarkan\desktop\game development\pinball game\pinball game\debug\pinball game.tlog\link.write.1.tlog
